<?xml version="1.0" encoding="UTF-8"?>
<!-- Generated by org.testng.reporters.JUnitReportReporter -->
<testsuite hostname="Azu" failures="0" tests="5" name="ninjademo.Another_Way" time="30.585" errors="0" timestamp="2022-12-10T12:22:38 EST" skipped="0">
  <testcase classname="ninjademo.Another_Way" name="LogInWithValidCrendential" time="5.942"/>
  <system-out/>
  <testcase classname="ninjademo.Another_Way" name="LoginWithInvalidPasswordValidEmail" time="5.957"/>
  <system-out/>
  <testcase classname="ninjademo.Another_Way" name="LoginWithValidPasswordInValidEmail" time="5.926"/>
  <system-out/>
  <testcase classname="ninjademo.Another_Way" name="LoginWithInValidPasswordInValidEmail" time="7.201"/>
  <system-out/>
  <testcase classname="ninjademo.Another_Way" name="LoginWithNoCredentials" time="5.559"/>
  <system-out/>
</testsuite> <!-- ninjademo.Another_Way -->
