<?xml version="1.0" encoding="UTF-8"?>
<!-- Generated by org.testng.reporters.JUnitReportReporter -->
<testsuite hostname="Azu" failures="0" tests="3" name="ninjademo.Search_Test" time="24.043" errors="0" timestamp="2022-12-10T14:40:20 EST" skipped="0">
  <testcase classname="ninjademo.Search_Test" name="verifySearchWithValidProduct" time="10.118"/>
  <system-out/>
  <testcase classname="ninjademo.Search_Test" name="verifySearchWithInValidProduct" time="6.647"/>
  <system-out/>
  <testcase classname="ninjademo.Search_Test" name="verifySearchWithoutProduct" time="7.278"/>
  <system-out/>
</testsuite> <!-- ninjademo.Search_Test -->
