<?xml version="1.0" encoding="UTF-8"?>
<!-- Generated by org.testng.reporters.JUnitReportReporter -->
<testsuite hostname="Azu" failures="0" tests="4" name="ninjademo.Login" time="21.784" errors="0" timestamp="2022-12-10T12:00:15 EST" skipped="0">
  <testcase classname="ninjademo.Login" name="LogInWithValidCrendential" time="4.476"/>
  <system-out/>
  <testcase classname="ninjademo.Login" name="LoginWithInvalidPasswordValidEmail" time="5.711"/>
  <system-out/>
  <testcase classname="ninjademo.Login" name="LoginWithValidPasswordInValidEmail" time="5.517"/>
  <system-out/>
  <testcase classname="ninjademo.Login" name="LoginWithInValidPasswordInValidEmail" time="6.080"/>
  <system-out/>
</testsuite> <!-- ninjademo.Login -->
