<?xml version="1.0" encoding="UTF-8"?>
<!-- Generated by org.testng.reporters.JUnitReportReporter -->
<testsuite hostname="Azu" failures="0" tests="3" name="ninjademo.Regisetr_Test" time="25.950" errors="0" timestamp="2022-12-10T14:40:20 EST" skipped="0">
  <testcase classname="ninjademo.Regisetr_Test" name="verifyRegisterationWithMyMandatoryFields" time="8.362"/>
  <system-out/>
  <testcase classname="ninjademo.Regisetr_Test" name="verifyRegisterationWithAllFields" time="9.740"/>
  <system-out/>
  <testcase classname="ninjademo.Regisetr_Test" name="verifyRegisterationWithNoField" time="7.848"/>
  <system-out/>
</testsuite> <!-- ninjademo.Regisetr_Test -->
